<?xml version="1.0" encoding="UTF-8"?>
<!-- Generated by org.testng.reporters.JUnitXMLReporter -->
<testsuite ignored="0" hostname="DESKTOP-GQD8484" failures="0" tests="6" name="FirefoxTest" time="69.248" errors="0" timestamp="2026-06-18T21:48:54 IST">
  <testcase classname="test_cases.TC001_AccountRegistration" name="accountRegistration" time="0.0">
    <skipped/>
  </testcase> <!-- accountRegistration -->
  <testcase classname="test_cases.TC002_LoginPage" name="LoginIntoAccount" time="0.0">
    <skipped/>
  </testcase> <!-- LoginIntoAccount -->
  <testcase classname="test_cases.TC002_LoginPage" name="LoginIntoAccount" time="0.0">
    <skipped/>
  </testcase> <!-- LoginIntoAccount -->
  <testcase classname="test_cases.TC002_LoginPage" name="LoginIntoAccount" time="0.0">
    <skipped/>
  </testcase> <!-- LoginIntoAccount -->
  <testcase classname="test_cases.TC002_LoginPage" name="LoginIntoAccount" time="0.0">
    <skipped/>
  </testcase> <!-- LoginIntoAccount -->
  <testcase classname="test_cases.TC002_LoginPage" name="LoginIntoAccount" time="0.0">
    <skipped/>
  </testcase> <!-- LoginIntoAccount -->
</testsuite> <!-- FirefoxTest -->
