<?xml version="1.0" encoding="UTF-8"?>
<!-- Generated by org.testng.reporters.JUnitXMLReporter -->
<testsuite ignored="1" hostname="DESKTOP-GQD8484" failures="0" tests="2" name="RegressionTests" time="10.486" errors="0" timestamp="2026-04-27T00:57:15 IST">
  <testcase classname="test_cases.TC001_AccountRegistration" name="accountRegistration" time="3.702"/>
  <testcase classname="test_cases.TC002_LoginPage" name="LoginIntoAccount" time="1.172"/>
  <testcase classname="test_cases.TC003_LoginDDT" name="verify_loginDDT" time="0.0">
    <ignored/>
  </testcase> <!-- verify_loginDDT -->
</testsuite> <!-- RegressionTests -->
