<?xml version="1.0" encoding="UTF-8"?>
<!-- Generated by org.testng.reporters.JUnitXMLReporter -->
<testsuite ignored="2" hostname="DESKTOP-GQD8484" failures="1" tests="1" name="regression" time="0.064" errors="0" timestamp="2026-04-26T00:13:34 IST">
  <testcase classname="test_cases.TC001_AccountRegistration" name="accountRegistration" time="0.012">
    <failure type="java.lang.AssertionError" message="null">
      <![CDATA[java.lang.AssertionError: null
at test_cases.TC001_AccountRegistration.accountRegistration(TC001_AccountRegistration.java:54)
at java.base/java.util.ArrayList.forEach(ArrayList.java:1596)
... Removed 27 stack frames]]>
    </failure>
  </testcase> <!-- accountRegistration -->
  <testcase classname="test_cases.TC002_LoginPage" name="LoginIntoAccount" time="0.0">
    <ignored/>
  </testcase> <!-- LoginIntoAccount -->
  <testcase classname="test_cases.TC003_LoginDDT" name="verify_loginDDT" time="0.0">
    <ignored/>
  </testcase> <!-- verify_loginDDT -->
</testsuite> <!-- regression -->
