<?xml version="1.0" encoding="UTF-8"?>
<!-- Generated by org.testng.reporters.JUnitXMLReporter -->
<testsuite ignored="0" hostname="DESKTOP-GQD8484" failures="1" tests="1" name="Test" time="56.608" errors="0" timestamp="2026-04-27T21:17:33 IST">
  <testcase classname="test_cases.TC002_LoginPage" name="LoginIntoAccount" time="10.427">
    <failure type="java.lang.AssertionError" message="null">
      <![CDATA[java.lang.AssertionError: null
at test_cases.TC002_LoginPage.LoginIntoAccount(TC002_LoginPage.java:33)
at java.base/java.util.ArrayList.forEach(ArrayList.java:1596)
... Removed 27 stack frames]]>
    </failure>
  </testcase> <!-- LoginIntoAccount -->
</testsuite> <!-- Test -->
