<?xml version="1.0" encoding="UTF-8"?>
<!-- Generated by org.testng.reporters.JUnitXMLReporter -->
<testsuite ignored="0" hostname="DESKTOP-GQD8484" failures="1" tests="1" name="Test" time="6.967" errors="0" timestamp="2026-05-10T12:50:05 IST">
  <testcase classname="test_cases.TC001_AccountRegistration" name="accountRegistration" time="3.456">
    <failure type="java.lang.AssertionError" message="null">
      <![CDATA[java.lang.AssertionError: null
at test_cases.TC001_AccountRegistration.accountRegistration(TC001_AccountRegistration.java:54)
at java.base/java.util.ArrayList.forEach(ArrayList.java:1596)
... Removed 31 stack frames]]>
    </failure>
  </testcase> <!-- accountRegistration -->
</testsuite> <!-- Test -->
