<?xml version="1.0" encoding="UTF-8"?>
<!-- Generated by org.testng.reporters.JUnitXMLReporter -->
<testsuite ignored="0" hostname="DESKTOP-GQD8484" failures="1" tests="1" name="Test(failed)" time="38.982" errors="0" timestamp="2026-04-26T12:15:26 IST">
  <testcase classname="test_cases.TC003_LoginDDT" name="verify_loginDDT" time="20.952">
    <failure type="java.lang.AssertionError" message="FAIL: Expected successful login but My Account page not shown for: azwewed@gmail.com expected [true] but found [false]">
      <![CDATA[java.lang.AssertionError: FAIL: Expected successful login but My Account page not shown for: azwewed@gmail.com expected [true] but found [false]
at test_cases.TC003_LoginDDT.verify_loginDDT(TC003_LoginDDT.java:36)
at java.base/java.util.ArrayList.forEach(ArrayList.java:1596)
... Removed 28 stack frames]]>
    </failure>
  </testcase> <!-- verify_loginDDT -->
</testsuite> <!-- Test(failed) -->
