<?xml version="1.0" encoding="UTF-8"?>
<testng-results ignored="0" total="1" passed="1" failed="0" skipped="0">
  <reporter-output>
  </reporter-output>
  <suite started-at="2026-04-28T00:44:17 IST" name="Suite" finished-at="2026-04-28T00:44:20 IST" duration-ms="3537">
    <groups>
      <group name="regression">
        <method signature="TC002_LoginPage.LoginIntoAccount()[pri:0, instance:test_cases.TC002_LoginPage@74cec793]" name="LoginIntoAccount" class="test_cases.TC002_LoginPage"/>
      </group> <!-- regression -->
      <group name="smoke">
        <method signature="TC002_LoginPage.LoginIntoAccount()[pri:0, instance:test_cases.TC002_LoginPage@74cec793]" name="LoginIntoAccount" class="test_cases.TC002_LoginPage"/>
      </group> <!-- smoke -->
      <group name="master">
        <method signature="TC002_LoginPage.LoginIntoAccount()[pri:0, instance:test_cases.TC002_LoginPage@74cec793]" name="LoginIntoAccount" class="test_cases.TC002_LoginPage"/>
      </group> <!-- master -->
    </groups>
    <test started-at="2026-04-28T00:44:17 IST" name="Test" finished-at="2026-04-28T00:44:20 IST" duration-ms="3537">
      <class name="test_cases.TC002_LoginPage">
        <test-method is-config="true" signature="loadConfig()[pri:0, instance:test_cases.TC002_LoginPage@74cec793]" started-at="2026-04-28T00:44:17 IST" name="loadConfig" finished-at="2026-04-28T00:44:17 IST" duration-ms="7" status="PASS">
          <reporter-output>
          </reporter-output>
        </test-method> <!-- loadConfig -->
        <test-method is-config="true" signature="setup(java.lang.String,java.lang.String)[pri:0, instance:test_cases.TC002_LoginPage@74cec793]" started-at="2026-04-28T00:44:17 IST" name="setup" finished-at="2026-04-28T00:44:19 IST" duration-ms="1990" status="PASS">
          <params>
            <param index="0">
              <value>
                <![CDATA[chrome]]>
              </value>
            </param>
            <param index="1">
              <value>
                <![CDATA[windows]]>
              </value>
            </param>
          </params>
          <reporter-output>
          </reporter-output>
        </test-method> <!-- setup -->
        <test-method signature="LoginIntoAccount()[pri:0, instance:test_cases.TC002_LoginPage@74cec793]" started-at="2026-04-28T00:44:19 IST" name="LoginIntoAccount" finished-at="2026-04-28T00:44:20 IST" duration-ms="1339" status="PASS">
          <reporter-output>
          </reporter-output>
        </test-method> <!-- LoginIntoAccount -->
        <test-method is-config="true" signature="tearDown()[pri:0, instance:test_cases.TC002_LoginPage@74cec793]" started-at="2026-04-28T00:44:20 IST" name="tearDown" finished-at="2026-04-28T00:44:20 IST" duration-ms="162" status="PASS">
          <reporter-output>
          </reporter-output>
        </test-method> <!-- tearDown -->
      </class> <!-- test_cases.TC002_LoginPage -->
    </test> <!-- Test -->
  </suite> <!-- Suite -->
</testng-results>
