<?xml version="1.0" encoding="UTF-8"?>
<testng-results ignored="0" total="1" passed="1" failed="0" skipped="0">
  <reporter-output>
  </reporter-output>
  <suite started-at="2026-06-25T08:52:03 IST" name="Suite" finished-at="2026-06-25T08:52:12 IST" duration-ms="9596">
    <groups>
      <group name="regression">
        <method signature="TC001_AccountRegistration.accountRegistration()[pri:0, instance:test_cases.TC001_AccountRegistration@3670f00]" name="accountRegistration" class="test_cases.TC001_AccountRegistration"/>
      </group> <!-- regression -->
      <group name="master">
        <method signature="TC001_AccountRegistration.accountRegistration()[pri:0, instance:test_cases.TC001_AccountRegistration@3670f00]" name="accountRegistration" class="test_cases.TC001_AccountRegistration"/>
      </group> <!-- master -->
    </groups>
    <test started-at="2026-06-25T08:52:03 IST" name="Test" finished-at="2026-06-25T08:52:12 IST" duration-ms="9596">
      <class name="test_cases.TC001_AccountRegistration">
        <test-method is-config="true" signature="loadConfig()[pri:0, instance:test_cases.TC001_AccountRegistration@3670f00]" started-at="2026-06-25T08:52:03 IST" name="loadConfig" finished-at="2026-06-25T08:52:03 IST" duration-ms="16" status="PASS">
          <reporter-output>
          </reporter-output>
        </test-method> <!-- loadConfig -->
        <test-method is-config="true" signature="setup(java.lang.String,java.lang.String)[pri:0, instance:test_cases.TC001_AccountRegistration@3670f00]" started-at="2026-06-25T08:52:03 IST" name="setup" finished-at="2026-06-25T08:52:07 IST" duration-ms="4436" status="PASS">
          <params>
            <param index="0">
              <value>
                <![CDATA[chrome]]>
              </value>
            </param>
            <param index="1">
              <value>
                <![CDATA[windows]]>
              </value>
            </param>
          </params>
          <reporter-output>
          </reporter-output>
        </test-method> <!-- setup -->
        <test-method signature="accountRegistration()[pri:0, instance:test_cases.TC001_AccountRegistration@3670f00]" started-at="2026-06-25T08:52:07 IST" name="accountRegistration" finished-at="2026-06-25T08:52:12 IST" duration-ms="4742" status="PASS">
          <reporter-output>
          </reporter-output>
        </test-method> <!-- accountRegistration -->
        <test-method is-config="true" signature="tearDown()[pri:0, instance:test_cases.TC001_AccountRegistration@3670f00]" started-at="2026-06-25T08:52:12 IST" name="tearDown" finished-at="2026-06-25T08:52:12 IST" duration-ms="356" status="PASS">
          <reporter-output>
          </reporter-output>
        </test-method> <!-- tearDown -->
      </class> <!-- test_cases.TC001_AccountRegistration -->
    </test> <!-- Test -->
  </suite> <!-- Suite -->
</testng-results>
