<?xml version="1.0" encoding="UTF-8"?>
<!-- Generated by org.testng.reporters.JUnitReportReporter -->
<testsuite hostname="DESKTOP-GQD8484" failures="0" tests="3" name="test_cases.TC001_AccountRegistration" time="30.920" errors="0" timestamp="2026-04-27T20:03:48 IST" skipped="0">
  <testcase classname="test_cases.TC001_AccountRegistration" name="accountRegistration" time="7.687"/>
  <testcase classname="test_cases.TC001_AccountRegistration" name="accountRegistration" time="8.731"/>
  <testcase classname="test_cases.TC001_AccountRegistration" name="accountRegistration" time="14.502"/>
</testsuite> <!-- test_cases.TC001_AccountRegistration -->
